[23:25:31] [main/WARN]: Ambiguity between arguments [teleport, destination] and [teleport, targets] with inputs: [Player, 0123, @e, dd12be42-52a9-4a91-a8a1-11c01849e498]
[23:25:31] [main/WARN]: Ambiguity between arguments [teleport, location] and [teleport, destination] with inputs: [0.1 -0.5 .9, 0 0 0]
[23:25:31] [main/WARN]: Ambiguity between arguments [teleport, location] and [teleport, targets] with inputs: [0.1 -0.5 .9, 0 0 0]
[23:25:31] [main/WARN]: Ambiguity between arguments [teleport, targets] and [teleport, destination] with inputs: [Player, 0123, dd12be42-52a9-4a91-a8a1-11c01849e498]
[23:25:31] [main/WARN]: Ambiguity between arguments [teleport, targets, location] and [teleport, targets, destination] with inputs: [0.1 -0.5 .9, 0 0 0]
[23:25:31] [main/INFO]: Loaded 0 recipes
[23:25:31] [main/INFO]: Loaded 0 advancements
[23:25:32] [Server thread/INFO]: Starting minecraft server version 1.13.1
[23:25:32] [Server thread/INFO]: Loading properties
[23:25:32] [Server thread/INFO]: Default game type: SURVIVAL
[23:25:32] [Server thread/INFO]: Generating keypair
[23:25:32] [Server thread/INFO]: Starting Minecraft server on *:25565
[23:25:32] [Server thread/INFO]: Using default channel type
[23:25:32] [Server thread/INFO]: Preparing level "BillyTGames"
[23:25:32] [Server thread/INFO]: Found new data pack vanilla, loading it automatically
[23:25:32] [Server thread/INFO]: Reloading ResourceManager: Default
[23:25:33] [Server thread/INFO]: Loaded 524 recipes
[23:25:34] [Server thread/INFO]: Loaded 571 advancements
[23:25:34] [Server thread/INFO]: Preparing start region for dimension minecraft:overworld
[23:25:36] [Server thread/INFO]: Preparing spawn area: 4%
[23:25:36] [Server thread/INFO]: Preparing spawn area: 8%
[23:25:36] [Server thread/INFO]: Preparing spawn area: 12%
[23:25:37] [Server thread/INFO]: Preparing spawn area: 16%
[23:25:37] [Server thread/INFO]: Preparing spawn area: 20%
[23:25:38] [Server thread/INFO]: Preparing spawn area: 24%
[23:25:38] [Server thread/INFO]: Preparing spawn area: 28%
[23:25:38] [Server thread/INFO]: Preparing spawn area: 32%
[23:25:39] [Server thread/INFO]: Preparing spawn area: 36%
[23:25:39] [Server thread/INFO]: Preparing spawn area: 40%
[23:25:39] [Server thread/INFO]: Preparing spawn area: 44%
[23:25:40] [Server thread/INFO]: Preparing spawn area: 48%
[23:25:40] [Server thread/INFO]: Preparing spawn area: 52%
[23:25:40] [Server thread/INFO]: Preparing spawn area: 56%
[23:25:40] [Server thread/INFO]: Preparing spawn area: 60%
[23:25:41] [Server thread/INFO]: Preparing spawn area: 64%
[23:25:41] [Server thread/INFO]: Preparing spawn area: 68%
[23:25:41] [Server thread/INFO]: Preparing spawn area: 72%
[23:25:41] [Server thread/INFO]: Preparing spawn area: 76%
[23:25:41] [Server thread/INFO]: Preparing spawn area: 80%
[23:25:42] [Server thread/INFO]: Preparing spawn area: 84%
[23:25:42] [Server thread/INFO]: Preparing spawn area: 88%
[23:25:42] [Server thread/INFO]: Preparing spawn area: 92%
[23:25:42] [Server thread/INFO]: Preparing spawn area: 96%
[23:25:42] [Server thread/INFO]: Preparing spawn area: 100%
[23:25:42] [Server thread/INFO]: Time elapsed: 8382 ms
[23:25:42] [Server thread/INFO]: Done (10.083s)! For help, type "help"
[23:26:21] [User Authenticator #1/INFO]: UUID of player WMTaylor3 is 807607d2-a0c9-4271-afbe-979b618ce48d
[23:26:22] [Server thread/INFO]: WMTaylor3[/127.0.0.1:60112] logged in with entity id 402 at (-161.30000001192093, 98.0, 149.61526383726098)
[23:26:22] [Server thread/INFO]: WMTaylor3 joined the game
[23:26:39] [Server thread/INFO]: WMTaylor3 lost connection: Disconnected
[23:26:39] [Server thread/INFO]: WMTaylor3 left the game
[23:26:48] [Server thread/INFO]: Stopping server
[23:26:48] [Server thread/INFO]: Saving players
[23:26:48] [Server thread/INFO]: Saving worlds
[23:26:48] [Server thread/INFO]: Saving chunks for level 'BillyTGames'/minecraft:the_nether
[23:26:48] [Server thread/INFO]: Saving chunks for level 'BillyTGames'/minecraft:the_end
[23:26:48] [Server thread/INFO]: Saving chunks for level 'BillyTGames'/minecraft:overworld
[23:26:48] [Server Shutdown Thread/INFO]: Stopping server
[23:26:48] [Server Shutdown Thread/INFO]: Saving players
[23:26:48] [Server Shutdown Thread/INFO]: Saving worlds
