[18:36:18] [main/WARN]: Ambiguity between arguments [teleport, destination] and [teleport, targets] with inputs: [Player, 0123, @e, dd12be42-52a9-4a91-a8a1-11c01849e498]
[18:36:18] [main/WARN]: Ambiguity between arguments [teleport, location] and [teleport, destination] with inputs: [0.1 -0.5 .9, 0 0 0]
[18:36:18] [main/WARN]: Ambiguity between arguments [teleport, location] and [teleport, targets] with inputs: [0.1 -0.5 .9, 0 0 0]
[18:36:18] [main/WARN]: Ambiguity between arguments [teleport, targets] and [teleport, destination] with inputs: [Player, 0123, dd12be42-52a9-4a91-a8a1-11c01849e498]
[18:36:18] [main/WARN]: Ambiguity between arguments [teleport, targets, location] and [teleport, targets, destination] with inputs: [0.1 -0.5 .9, 0 0 0]
[18:36:18] [main/INFO]: Loaded 0 recipes
[18:36:18] [main/INFO]: Loaded 0 advancements
[18:36:18] [Server thread/INFO]: Starting minecraft server version 1.13.1
[18:36:18] [Server thread/INFO]: Loading properties
[18:36:18] [Server thread/INFO]: Default game type: SURVIVAL
[18:36:18] [Server thread/INFO]: Generating keypair
[18:36:18] [Server thread/INFO]: Starting Minecraft server on *:25565
[18:36:18] [Server thread/INFO]: Using default channel type
[18:36:19] [Server thread/INFO]: Preparing level "DontRunWithScissors"
[18:36:19] [Server thread/INFO]: Reloading ResourceManager: Default
[18:36:20] [Server thread/INFO]: Loaded 524 recipes
[18:36:21] [Server thread/INFO]: Loaded 571 advancements
[18:36:21] [Server thread/INFO]: Preparing start region for dimension minecraft:overworld
[18:36:21] [Server thread/INFO]: Preparing spawn area: 4%
[18:36:21] [Server thread/INFO]: Preparing spawn area: 8%
[18:36:21] [Server thread/INFO]: Preparing spawn area: 12%
[18:36:22] [Server thread/INFO]: Preparing spawn area: 16%
[18:36:22] [Server thread/INFO]: Preparing spawn area: 20%
[18:36:22] [Server thread/INFO]: Preparing spawn area: 24%
[18:36:22] [Server thread/INFO]: Preparing spawn area: 28%
[18:36:22] [Server thread/INFO]: Preparing spawn area: 32%
[18:36:22] [Server thread/INFO]: Preparing spawn area: 36%
[18:36:22] [Server thread/INFO]: Preparing spawn area: 40%
[18:36:22] [Server thread/INFO]: Preparing spawn area: 44%
[18:36:22] [Server thread/INFO]: Preparing spawn area: 48%
[18:36:22] [Server thread/INFO]: Preparing spawn area: 52%
[18:36:22] [Server thread/INFO]: Preparing spawn area: 56%
[18:36:22] [Server thread/INFO]: Preparing spawn area: 60%
[18:36:22] [Server thread/INFO]: Preparing spawn area: 64%
[18:36:22] [Server thread/INFO]: Preparing spawn area: 68%
[18:36:22] [Server thread/INFO]: Preparing spawn area: 72%
[18:36:22] [Server thread/INFO]: Preparing spawn area: 76%
[18:36:22] [Server thread/INFO]: Preparing spawn area: 80%
[18:36:22] [Server thread/INFO]: Preparing spawn area: 84%
[18:36:22] [Server thread/INFO]: Preparing spawn area: 88%
[18:36:22] [Server thread/INFO]: Preparing spawn area: 92%
[18:36:22] [Server thread/INFO]: Preparing spawn area: 96%
[18:36:22] [Server thread/INFO]: Preparing spawn area: 100%
[18:36:22] [Server thread/INFO]: Time elapsed: 1412 ms
[18:36:22] [Server thread/INFO]: Done (3.720s)! For help, type "help"
[18:36:39] [Server thread/INFO]: Unknown item 'minecraft:diamon_sword'
[18:36:39] [Server thread/INFO]: ...WMTaylor3 minecraft:diamon_sword<--[HERE]
[18:36:48] [Server thread/INFO]: No player was found
[18:36:51] [Server thread/INFO]: Stopping the server
[18:36:51] [Server thread/INFO]: Stopping server
[18:36:51] [Server thread/INFO]: Saving players
[18:36:51] [Server thread/INFO]: Saving worlds
[18:36:51] [Server thread/INFO]: Saving chunks for level 'DontRunWithScissors'/minecraft:the_nether
[18:36:51] [Server thread/INFO]: Saving chunks for level 'DontRunWithScissors'/minecraft:the_end
[18:36:51] [Server thread/INFO]: Saving chunks for level 'DontRunWithScissors'/minecraft:overworld
[18:36:51] [Server Shutdown Thread/INFO]: Stopping server
[18:36:51] [Server Shutdown Thread/INFO]: Saving players
